# JRE version: OpenJDK Runtime Environment (7.0_79-b14) (build 1.7.0_79-b14)
# Java VM: OpenJDK 64-Bit Server VM (24.79-b02 mixed mode linux-amd64 compressed oops)
Heap
 PSYoungGen      total 237056K, used 5961K [0x00000000eb600000, 0x00000000fcf80000, 0x0000000100000000)
  eden space 223232K, 2% used [0x00000000eb600000,0x00000000ebbd27f8,0x00000000f9000000)
  from space 13824K, 0% used [0x00000000fa700000,0x00000000fa700000,0x00000000fb480000)
  to   space 23552K, 0% used [0x00000000f9000000,0x00000000f9000000,0x00000000fa700000)
 ParOldGen       total 51200K, used 1726K [0x00000000c2200000, 0x00000000c5400000, 0x00000000eb600000)
  object space 51200K, 3% used [0x00000000c2200000,0x00000000c23af848,0x00000000c5400000)
 PSPermGen       total 21504K, used 8484K [0x00000000b7c00000, 0x00000000b9100000, 0x00000000c2200000)
  object space 21504K, 39% used [0x00000000b7c00000,0x00000000b8449228,0x00000000b9100000)
GC Heap History (10 events):
Event: 62.996 GC heap before
{Heap before GC invocations=14 (full 1):
 PSYoungGen      total 186880K, used 178272K [0x00000000eb600000, 0x00000000f8100000, 0x0000000100000000)
  eden space 178176K, 100% used [0x00000000eb600000,0x00000000f6400000,0x00000000f6400000)
  from space 8704K, 1% used [0x00000000f7880000,0x00000000f7898000,0x00000000f8100000)
  to   space 14848K, 0% used [0x00000000f6400000,0x00000000f6400000,0x00000000f7280000)
 ParOldGen       total 61440K, used 36921K [0x00000000c2200000, 0x00000000c5e00000, 0x00000000eb600000)
  object space 61440K, 60% used [0x00000000c2200000,0x00000000c460e6e8,0x00000000c5e00000)
 PSPermGen       total 21504K, used 8448K [0x00000000b7c00000, 0x00000000b9100000, 0x00000000c2200000)
  object space 21504K, 39% used [0x00000000b7c00000,0x00000000b84401e0,0x00000000b9100000)
Event: 63.002 GC heap after
Heap after GC invocations=14 (full 1):
 PSYoungGen      total 193024K, used 128K [0x00000000eb600000, 0x00000000fa300000, 0x0000000100000000)
  eden space 178176K, 0% used [0x00000000eb600000,0x00000000eb600000,0x00000000f6400000)
  from space 14848K, 0% used [0x00000000f6400000,0x00000000f6420000,0x00000000f7280000)
  to   space 14848K, 0% used [0x00000000f9480000,0x00000000f9480000,0x00000000fa300000)
 ParOldGen       total 61440K, used 36921K [0x00000000c2200000, 0x00000000c5e00000, 0x00000000eb600000)
  object space 61440K, 60% used [0x00000000c2200000,0x00000000c460e6e8,0x00000000c5e00000)
 PSPermGen       total 21504K, used 8448K [0x00000000b7c00000, 0x00000000b9100000, 0x00000000c2200000)
  object space 21504K, 39% used [0x00000000b7c00000,0x00000000b84401e0,0x00000000b9100000)
}
Event: 76.495 GC heap before
{Heap before GC invocations=15 (full 1):
 PSYoungGen      total 193024K, used 178304K [0x00000000eb600000, 0x00000000fa300000, 0x0000000100000000)
  eden space 178176K, 100% used [0x00000000eb600000,0x00000000f6400000,0x00000000f6400000)
  from space 14848K, 0% used [0x00000000f6400000,0x00000000f6420000,0x00000000f7280000)
  to   space 14848K, 0% used [0x00000000f9480000,0x00000000f9480000,0x00000000fa300000)
 ParOldGen       total 61440K, used 36921K [0x00000000c2200000, 0x00000000c5e00000, 0x00000000eb600000)
  object space 61440K, 60% used [0x00000000c2200000,0x00000000c460e6e8,0x00000000c5e00000)
 PSPermGen       total 21504K, used 8450K [0x00000000b7c00000, 0x00000000b9100000, 0x00000000c2200000)
  object space 21504K, 39% used [0x00000000b7c00000,0x00000000b8440b20,0x00000000b9100000)
Event: 76.499 GC heap after
Heap after GC invocations=15 (full 1):
 PSYoungGen      total 214528K, used 64K [0x00000000eb600000, 0x00000000f9c80000, 0x0000000100000000)
  eden space 206336K, 0% used [0x00000000eb600000,0x00000000eb600000,0x00000000f7f80000)
  from space 8192K, 0% used [0x00000000f9480000,0x00000000f9490000,0x00000000f9c80000)
  to   space 14848K, 0% used [0x00000000f7f80000,0x00000000f7f80000,0x00000000f8e00000)
 ParOldGen       total 61440K, used 36921K [0x00000000c2200000, 0x00000000c5e00000, 0x00000000eb600000)
  object space 61440K, 60% used [0x00000000c2200000,0x00000000c460e6e8,0x00000000c5e00000)
 PSPermGen       total 21504K, used 8450K [0x00000000b7c00000, 0x00000000b9100000, 0x00000000c2200000)
  object space 21504K, 39% used [0x00000000b7c00000,0x00000000b8440b20,0x00000000b9100000)
}
Event: 90.879 GC heap before
{Heap before GC invocations=16 (full 1):
 PSYoungGen      total 214528K, used 206400K [0x00000000eb600000, 0x00000000f9c80000, 0x0000000100000000)
  eden space 206336K, 100% used [0x00000000eb600000,0x00000000f7f80000,0x00000000f7f80000)
  from space 8192K, 0% used [0x00000000f9480000,0x00000000f9490000,0x00000000f9c80000)
  to   space 14848K, 0% used [0x00000000f7f80000,0x00000000f7f80000,0x00000000f8e00000)
 ParOldGen       total 61440K, used 36921K [0x00000000c2200000, 0x00000000c5e00000, 0x00000000eb600000)
  object space 61440K, 60% used [0x00000000c2200000,0x00000000c460e6e8,0x00000000c5e00000)
 PSPermGen       total 21504K, used 8453K [0x00000000b7c00000, 0x00000000b9100000, 0x00000000c2200000)
  object space 21504K, 39% used [0x00000000b7c00000,0x00000000b8441500,0x00000000b9100000)
Event: 90.883 GC heap after
Heap after GC invocations=16 (full 1):
 PSYoungGen      total 221184K, used 4192K [0x00000000eb600000, 0x00000000fb480000, 0x0000000100000000)
  eden space 206336K, 0% used [0x00000000eb600000,0x00000000eb600000,0x00000000f7f80000)
  from space 14848K, 28% used [0x00000000f7f80000,0x00000000f8398010,0x00000000f8e00000)
  to   space 13824K, 0% used [0x00000000fa700000,0x00000000fa700000,0x00000000fb480000)
 ParOldGen       total 61440K, used 36921K [0x00000000c2200000, 0x00000000c5e00000, 0x00000000eb600000)
  object space 61440K, 60% used [0x00000000c2200000,0x00000000c460e6e8,0x00000000c5e00000)
 PSPermGen       total 21504K, used 8453K [0x00000000b7c00000, 0x00000000b9100000, 0x00000000c2200000)
  object space 21504K, 39% used [0x00000000b7c00000,0x00000000b8441500,0x00000000b9100000)
}
Event: 92.483 GC heap before
{Heap before GC invocations=17 (full 1):
 PSYoungGen      total 221184K, used 210528K [0x00000000eb600000, 0x00000000fb480000, 0x0000000100000000)
  eden space 206336K, 100% used [0x00000000eb600000,0x00000000f7f80000,0x00000000f7f80000)
  from space 14848K, 28% used [0x00000000f7f80000,0x00000000f8398010,0x00000000f8e00000)
  to   space 13824K, 0% used [0x00000000fa700000,0x00000000fa700000,0x00000000fb480000)
 ParOldGen       total 61440K, used 36921K [0x00000000c2200000, 0x00000000c5e00000, 0x00000000eb600000)
  object space 61440K, 60% used [0x00000000c2200000,0x00000000c460e6e8,0x00000000c5e00000)
 PSPermGen       total 21504K, used 8476K [0x00000000b7c00000, 0x00000000b9100000, 0x00000000c2200000)
  object space 21504K, 39% used [0x00000000b7c00000,0x00000000b84473d0,0x00000000b9100000)
Event: 92.555 GC heap after
Heap after GC invocations=17 (full 1):
 PSYoungGen      total 237056K, used 13824K [0x00000000eb600000, 0x00000000fcf80000, 0x0000000100000000)
  eden space 223232K, 0% used [0x00000000eb600000,0x00000000eb600000,0x00000000f9000000)
  from space 13824K, 100% used [0x00000000fa700000,0x00000000fb480000,0x00000000fb480000)
  to   space 23552K, 0% used [0x00000000f9000000,0x00000000f9000000,0x00000000fa700000)
 ParOldGen       total 61440K, used 57089K [0x00000000c2200000, 0x00000000c5e00000, 0x00000000eb600000)
  object space 61440K, 92% used [0x00000000c2200000,0x00000000c59c06e8,0x00000000c5e00000)
 PSPermGen       total 21504K, used 8476K [0x00000000b7c00000, 0x00000000b9100000, 0x00000000c2200000)
  object space 21504K, 39% used [0x00000000b7c00000,0x00000000b84473d0,0x00000000b9100000)
}
Event: 92.555 GC heap before
{Heap before GC invocations=18 (full 2):
 PSYoungGen      total 237056K, used 13824K [0x00000000eb600000, 0x00000000fcf80000, 0x0000000100000000)
  eden space 223232K, 0% used [0x00000000eb600000,0x00000000eb600000,0x00000000f9000000)
  from space 13824K, 100% used [0x00000000fa700000,0x00000000fb480000,0x00000000fb480000)
  to   space 23552K, 0% used [0x00000000f9000000,0x00000000f9000000,0x00000000fa700000)
 ParOldGen       total 61440K, used 57089K [0x00000000c2200000, 0x00000000c5e00000, 0x00000000eb600000)
  object space 61440K, 92% used [0x00000000c2200000,0x00000000c59c06e8,0x00000000c5e00000)
 PSPermGen       total 21504K, used 8476K [0x00000000b7c00000, 0x00000000b9100000, 0x00000000c2200000)
  object space 21504K, 39% used [0x00000000b7c00000,0x00000000b84473d0,0x00000000b9100000)
Event: 92.580 GC heap after
Heap after GC invocations=18 (full 2):
 PSYoungGen      total 237056K, used 0K [0x00000000eb600000, 0x00000000fcf80000, 0x0000000100000000)
  eden space 223232K, 0% used [0x00000000eb600000,0x00000000eb600000,0x00000000f9000000)
  from space 13824K, 0% used [0x00000000fa700000,0x00000000fa700000,0x00000000fb480000)
  to   space 23552K, 0% used [0x00000000f9000000,0x00000000f9000000,0x00000000fa700000)
 ParOldGen       total 51200K, used 1726K [0x00000000c2200000, 0x00000000c5400000, 0x00000000eb600000)
  object space 51200K, 3% used [0x00000000c2200000,0x00000000c23af848,0x00000000c5400000)
 PSPermGen       total 21504K, used 8476K [0x00000000b7c00000, 0x00000000b9100000, 0x00000000c2200000)
  object space 21504K, 39% used [0x00000000b7c00000,0x00000000b8447148,0x00000000b9100000)
}

