# JRE version: OpenJDK Runtime Environment (7.0_79-b14) (build 1.7.0_79-b14)
# Java VM: OpenJDK 64-Bit Server VM (24.79-b02 mixed mode linux-amd64 compressed oops)
Heap
 PSYoungGen      total 218624K, used 3445K [0x00000000eb600000, 0x00000000fbb80000, 0x0000000100000000)
  eden space 203776K, 1% used [0x00000000eb600000,0x00000000eb95d7a8,0x00000000f7d00000)
  from space 14848K, 0% used [0x00000000f9400000,0x00000000f9400000,0x00000000fa280000)
  to   space 23552K, 0% used [0x00000000f7d00000,0x00000000f7d00000,0x00000000f9400000)
 ParOldGen       total 47616K, used 1558K [0x00000000c2200000, 0x00000000c5080000, 0x00000000eb600000)
  object space 47616K, 3% used [0x00000000c2200000,0x00000000c23858b0,0x00000000c5080000)
 PSPermGen       total 21504K, used 8483K [0x00000000b7c00000, 0x00000000b9100000, 0x00000000c2200000)
  object space 21504K, 39% used [0x00000000b7c00000,0x00000000b8448c60,0x00000000b9100000)
GC Heap History (10 events):
Event: 35.984 GC heap before
{Heap before GC invocations=12 (full 1):
 PSYoungGen      total 158208K, used 145056K [0x00000000eb600000, 0x00000000f6f00000, 0x0000000100000000)
  eden space 144896K, 100% used [0x00000000eb600000,0x00000000f4380000,0x00000000f4380000)
  from space 13312K, 1% used [0x00000000f5100000,0x00000000f5128000,0x00000000f5e00000)
  to   space 13824K, 0% used [0x00000000f4380000,0x00000000f4380000,0x00000000f5100000)
 ParOldGen       total 57856K, used 33743K [0x00000000c2200000, 0x00000000c5a80000, 0x00000000eb600000)
  object space 57856K, 58% used [0x00000000c2200000,0x00000000c42f3d80,0x00000000c5a80000)
 PSPermGen       total 21504K, used 8450K [0x00000000b7c00000, 0x00000000b9100000, 0x00000000c2200000)
  object space 21504K, 39% used [0x00000000b7c00000,0x00000000b8440a20,0x00000000b9100000)
Event: 35.987 GC heap after
Heap after GC invocations=12 (full 1):
 PSYoungGen      total 158720K, used 64K [0x00000000eb600000, 0x00000000f8500000, 0x0000000100000000)
  eden space 144896K, 0% used [0x00000000eb600000,0x00000000eb600000,0x00000000f4380000)
  from space 13824K, 0% used [0x00000000f4380000,0x00000000f4390000,0x00000000f5100000)
  to   space 13824K, 0% used [0x00000000f7780000,0x00000000f7780000,0x00000000f8500000)
 ParOldGen       total 57856K, used 33775K [0x00000000c2200000, 0x00000000c5a80000, 0x00000000eb600000)
  object space 57856K, 58% used [0x00000000c2200000,0x00000000c42fbd80,0x00000000c5a80000)
 PSPermGen       total 21504K, used 8450K [0x00000000b7c00000, 0x00000000b9100000, 0x00000000c2200000)
  object space 21504K, 39% used [0x00000000b7c00000,0x00000000b8440a20,0x00000000b9100000)
}
Event: 47.472 GC heap before
{Heap before GC invocations=13 (full 1):
 PSYoungGen      total 158720K, used 144960K [0x00000000eb600000, 0x00000000f8500000, 0x0000000100000000)
  eden space 144896K, 100% used [0x00000000eb600000,0x00000000f4380000,0x00000000f4380000)
  from space 13824K, 0% used [0x00000000f4380000,0x00000000f4390000,0x00000000f5100000)
  to   space 13824K, 0% used [0x00000000f7780000,0x00000000f7780000,0x00000000f8500000)
 ParOldGen       total 57856K, used 33775K [0x00000000c2200000, 0x00000000c5a80000, 0x00000000eb600000)
  object space 57856K, 58% used [0x00000000c2200000,0x00000000c42fbd80,0x00000000c5a80000)
 PSPermGen       total 21504K, used 8450K [0x00000000b7c00000, 0x00000000b9100000, 0x00000000c2200000)
  object space 21504K, 39% used [0x00000000b7c00000,0x00000000b8440ad8,0x00000000b9100000)
Event: 47.474 GC heap after
Heap after GC invocations=13 (full 1):
 PSYoungGen      total 185856K, used 96K [0x00000000eb600000, 0x00000000f7f00000, 0x0000000100000000)
  eden space 178176K, 0% used [0x00000000eb600000,0x00000000eb600000,0x00000000f6400000)
  from space 7680K, 1% used [0x00000000f7780000,0x00000000f7798000,0x00000000f7f00000)
  to   space 13824K, 0% used [0x00000000f6400000,0x00000000f6400000,0x00000000f7180000)
 ParOldGen       total 57856K, used 33775K [0x00000000c2200000, 0x00000000c5a80000, 0x00000000eb600000)
  object space 57856K, 58% used [0x00000000c2200000,0x00000000c42fbd80,0x00000000c5a80000)
 PSPermGen       total 21504K, used 8450K [0x00000000b7c00000, 0x00000000b9100000, 0x00000000c2200000)
  object space 21504K, 39% used [0x00000000b7c00000,0x00000000b8440ad8,0x00000000b9100000)
}
Event: 56.644 GC heap before
{Heap before GC invocations=14 (full 1):
 PSYoungGen      total 185856K, used 178272K [0x00000000eb600000, 0x00000000f7f00000, 0x0000000100000000)
  eden space 178176K, 100% used [0x00000000eb600000,0x00000000f6400000,0x00000000f6400000)
  from space 7680K, 1% used [0x00000000f7780000,0x00000000f7798000,0x00000000f7f00000)
  to   space 13824K, 0% used [0x00000000f6400000,0x00000000f6400000,0x00000000f7180000)
 ParOldGen       total 57856K, used 33775K [0x00000000c2200000, 0x00000000c5a80000, 0x00000000eb600000)
  object space 57856K, 58% used [0x00000000c2200000,0x00000000c42fbd80,0x00000000c5a80000)
 PSPermGen       total 21504K, used 8451K [0x00000000b7c00000, 0x00000000b9100000, 0x00000000c2200000)
  object space 21504K, 39% used [0x00000000b7c00000,0x00000000b8440c38,0x00000000b9100000)
Event: 56.660 GC heap after
Heap after GC invocations=14 (full 1):
 PSYoungGen      total 192000K, used 9984K [0x00000000eb600000, 0x00000000fa280000, 0x0000000100000000)
  eden space 178176K, 0% used [0x00000000eb600000,0x00000000eb600000,0x00000000f6400000)
  from space 13824K, 72% used [0x00000000f6400000,0x00000000f6dc0010,0x00000000f7180000)
  to   space 14848K, 0% used [0x00000000f9400000,0x00000000f9400000,0x00000000fa280000)
 ParOldGen       total 57856K, used 33775K [0x00000000c2200000, 0x00000000c5a80000, 0x00000000eb600000)
  object space 57856K, 58% used [0x00000000c2200000,0x00000000c42fbd80,0x00000000c5a80000)
 PSPermGen       total 21504K, used 8451K [0x00000000b7c00000, 0x00000000b9100000, 0x00000000c2200000)
  object space 21504K, 39% used [0x00000000b7c00000,0x00000000b8440c38,0x00000000b9100000)
}
Event: 57.675 GC heap before
{Heap before GC invocations=15 (full 1):
 PSYoungGen      total 192000K, used 188160K [0x00000000eb600000, 0x00000000fa280000, 0x0000000100000000)
  eden space 178176K, 100% used [0x00000000eb600000,0x00000000f6400000,0x00000000f6400000)
  from space 13824K, 72% used [0x00000000f6400000,0x00000000f6dc0010,0x00000000f7180000)
  to   space 14848K, 0% used [0x00000000f9400000,0x00000000f9400000,0x00000000fa280000)
 ParOldGen       total 57856K, used 33775K [0x00000000c2200000, 0x00000000c5a80000, 0x00000000eb600000)
  object space 57856K, 58% used [0x00000000c2200000,0x00000000c42fbd80,0x00000000c5a80000)
 PSPermGen       total 21504K, used 8483K [0x00000000b7c00000, 0x00000000b9100000, 0x00000000c2200000)
  object space 21504K, 39% used [0x00000000b7c00000,0x00000000b8448f28,0x00000000b9100000)
Event: 57.743 GC heap after
Heap after GC invocations=15 (full 1):
 PSYoungGen      total 218624K, used 14848K [0x00000000eb600000, 0x00000000fbb80000, 0x0000000100000000)
  eden space 203776K, 0% used [0x00000000eb600000,0x00000000eb600000,0x00000000f7d00000)
  from space 14848K, 100% used [0x00000000f9400000,0x00000000fa280000,0x00000000fa280000)
  to   space 23552K, 0% used [0x00000000f7d00000,0x00000000f7d00000,0x00000000f9400000)
 ParOldGen       total 57856K, used 49759K [0x00000000c2200000, 0x00000000c5a80000, 0x00000000eb600000)
  object space 57856K, 86% used [0x00000000c2200000,0x00000000c5297d80,0x00000000c5a80000)
 PSPermGen       total 21504K, used 8483K [0x00000000b7c00000, 0x00000000b9100000, 0x00000000c2200000)
  object space 21504K, 39% used [0x00000000b7c00000,0x00000000b8448f28,0x00000000b9100000)
}
Event: 57.743 GC heap before
{Heap before GC invocations=16 (full 2):
 PSYoungGen      total 218624K, used 14848K [0x00000000eb600000, 0x00000000fbb80000, 0x0000000100000000)
  eden space 203776K, 0% used [0x00000000eb600000,0x00000000eb600000,0x00000000f7d00000)
  from space 14848K, 100% used [0x00000000f9400000,0x00000000fa280000,0x00000000fa280000)
  to   space 23552K, 0% used [0x00000000f7d00000,0x00000000f7d00000,0x00000000f9400000)
 ParOldGen       total 57856K, used 49759K [0x00000000c2200000, 0x00000000c5a80000, 0x00000000eb600000)
  object space 57856K, 86% used [0x00000000c2200000,0x00000000c5297d80,0x00000000c5a80000)
 PSPermGen       total 21504K, used 8483K [0x00000000b7c00000, 0x00000000b9100000, 0x00000000c2200000)
  object space 21504K, 39% used [0x00000000b7c00000,0x00000000b8448f28,0x00000000b9100000)
Event: 57.767 GC heap after
Heap after GC invocations=16 (full 2):
 PSYoungGen      total 218624K, used 0K [0x00000000eb600000, 0x00000000fbb80000, 0x0000000100000000)
  eden space 203776K, 0% used [0x00000000eb600000,0x00000000eb600000,0x00000000f7d00000)
  from space 14848K, 0% used [0x00000000f9400000,0x00000000f9400000,0x00000000fa280000)
  to   space 23552K, 0% used [0x00000000f7d00000,0x00000000f7d00000,0x00000000f9400000)
 ParOldGen       total 47616K, used 1558K [0x00000000c2200000, 0x00000000c5080000, 0x00000000eb600000)
  object space 47616K, 3% used [0x00000000c2200000,0x00000000c23858b0,0x00000000c5080000)
 PSPermGen       total 21504K, used 8483K [0x00000000b7c00000, 0x00000000b9100000, 0x00000000c2200000)
  object space 21504K, 39% used [0x00000000b7c00000,0x00000000b8448c60,0x00000000b9100000)
}

