# JRE version: OpenJDK Runtime Environment (7.0_79-b14) (build 1.7.0_79-b14)
# Java VM: OpenJDK 64-Bit Server VM (24.79-b02 mixed mode linux-amd64 compressed oops)
Heap
 PSYoungGen      total 264704K, used 4294K [0x00000000eb600000, 0x00000000fe600000, 0x0000000100000000)
  eden space 253952K, 1% used [0x00000000eb600000,0x00000000eba319b8,0x00000000fae00000)
  from space 10752K, 0% used [0x00000000fae00000,0x00000000fae00000,0x00000000fb880000)
  to   space 19968K, 0% used [0x00000000fd280000,0x00000000fd280000,0x00000000fe600000)
 ParOldGen       total 56320K, used 1830K [0x00000000c2200000, 0x00000000c5900000, 0x00000000eb600000)
  object space 56320K, 3% used [0x00000000c2200000,0x00000000c23c99d8,0x00000000c5900000)
 PSPermGen       total 21504K, used 8476K [0x00000000b7c00000, 0x00000000b9100000, 0x00000000c2200000)
  object space 21504K, 39% used [0x00000000b7c00000,0x00000000b8447110,0x00000000b9100000)
GC Heap History (10 events):
Event: 133.871 GC heap before
{Heap before GC invocations=21 (full 1):
 PSYoungGen      total 256000K, used 243328K [0x00000000eb600000, 0x00000000fc380000, 0x0000000100000000)
  eden space 243200K, 100% used [0x00000000eb600000,0x00000000fa380000,0x00000000fa380000)
  from space 12800K, 1% used [0x00000000fa380000,0x00000000fa3a0000,0x00000000fb000000)
  to   space 12288K, 0% used [0x00000000fb780000,0x00000000fb780000,0x00000000fc380000)
 ParOldGen       total 66048K, used 38061K [0x00000000c2200000, 0x00000000c6280000, 0x00000000eb600000)
  object space 66048K, 57% used [0x00000000c2200000,0x00000000c472b490,0x00000000c6280000)
 PSPermGen       total 21504K, used 8444K [0x00000000b7c00000, 0x00000000b9100000, 0x00000000c2200000)
  object space 21504K, 39% used [0x00000000b7c00000,0x00000000b843f1b8,0x00000000b9100000)
Event: 133.874 GC heap after
Heap after GC invocations=21 (full 1):
 PSYoungGen      total 259584K, used 128K [0x00000000eb600000, 0x00000000fc100000, 0x0000000100000000)
  eden space 249856K, 0% used [0x00000000eb600000,0x00000000eb600000,0x00000000faa00000)
  from space 9728K, 1% used [0x00000000fb780000,0x00000000fb7a0000,0x00000000fc100000)
  to   space 11776K, 0% used [0x00000000faa00000,0x00000000faa00000,0x00000000fb580000)
 ParOldGen       total 66048K, used 38061K [0x00000000c2200000, 0x00000000c6280000, 0x00000000eb600000)
  object space 66048K, 57% used [0x00000000c2200000,0x00000000c472b490,0x00000000c6280000)
 PSPermGen       total 21504K, used 8444K [0x00000000b7c00000, 0x00000000b9100000, 0x00000000c2200000)
  object space 21504K, 39% used [0x00000000b7c00000,0x00000000b843f1b8,0x00000000b9100000)
}
Event: 147.770 GC heap before
{Heap before GC invocations=22 (full 1):
 PSYoungGen      total 259584K, used 249984K [0x00000000eb600000, 0x00000000fc100000, 0x0000000100000000)
  eden space 249856K, 100% used [0x00000000eb600000,0x00000000faa00000,0x00000000faa00000)
  from space 9728K, 1% used [0x00000000fb780000,0x00000000fb7a0000,0x00000000fc100000)
  to   space 11776K, 0% used [0x00000000faa00000,0x00000000faa00000,0x00000000fb580000)
 ParOldGen       total 66048K, used 38061K [0x00000000c2200000, 0x00000000c6280000, 0x00000000eb600000)
  object space 66048K, 57% used [0x00000000c2200000,0x00000000c472b490,0x00000000c6280000)
 PSPermGen       total 21504K, used 8444K [0x00000000b7c00000, 0x00000000b9100000, 0x00000000c2200000)
  object space 21504K, 39% used [0x00000000b7c00000,0x00000000b843f1b8,0x00000000b9100000)
Event: 147.773 GC heap after
Heap after GC invocations=22 (full 1):
 PSYoungGen      total 261632K, used 64K [0x00000000eb600000, 0x00000000fc500000, 0x0000000100000000)
  eden space 249856K, 0% used [0x00000000eb600000,0x00000000eb600000,0x00000000faa00000)
  from space 11776K, 0% used [0x00000000faa00000,0x00000000faa10000,0x00000000fb580000)
  to   space 11264K, 0% used [0x00000000fba00000,0x00000000fba00000,0x00000000fc500000)
 ParOldGen       total 66048K, used 38061K [0x00000000c2200000, 0x00000000c6280000, 0x00000000eb600000)
  object space 66048K, 57% used [0x00000000c2200000,0x00000000c472b490,0x00000000c6280000)
 PSPermGen       total 21504K, used 8444K [0x00000000b7c00000, 0x00000000b9100000, 0x00000000c2200000)
  object space 21504K, 39% used [0x00000000b7c00000,0x00000000b843f1b8,0x00000000b9100000)
}
Event: 161.871 GC heap before
{Heap before GC invocations=23 (full 1):
 PSYoungGen      total 261632K, used 249920K [0x00000000eb600000, 0x00000000fc500000, 0x0000000100000000)
  eden space 249856K, 100% used [0x00000000eb600000,0x00000000faa00000,0x00000000faa00000)
  from space 11776K, 0% used [0x00000000faa00000,0x00000000faa10000,0x00000000fb580000)
  to   space 11264K, 0% used [0x00000000fba00000,0x00000000fba00000,0x00000000fc500000)
 ParOldGen       total 66048K, used 38061K [0x00000000c2200000, 0x00000000c6280000, 0x00000000eb600000)
  object space 66048K, 57% used [0x00000000c2200000,0x00000000c472b490,0x00000000c6280000)
 PSPermGen       total 21504K, used 8444K [0x00000000b7c00000, 0x00000000b9100000, 0x00000000c2200000)
  object space 21504K, 39% used [0x00000000b7c00000,0x00000000b843f298,0x00000000b9100000)
Event: 161.874 GC heap after
Heap after GC invocations=23 (full 1):
 PSYoungGen      total 263168K, used 96K [0x00000000eb600000, 0x00000000fc300000, 0x0000000100000000)
  eden space 253952K, 0% used [0x00000000eb600000,0x00000000eb600000,0x00000000fae00000)
  from space 9216K, 1% used [0x00000000fba00000,0x00000000fba18000,0x00000000fc300000)
  to   space 10752K, 0% used [0x00000000fae00000,0x00000000fae00000,0x00000000fb880000)
 ParOldGen       total 66048K, used 38061K [0x00000000c2200000, 0x00000000c6280000, 0x00000000eb600000)
  object space 66048K, 57% used [0x00000000c2200000,0x00000000c472b490,0x00000000c6280000)
 PSPermGen       total 21504K, used 8444K [0x00000000b7c00000, 0x00000000b9100000, 0x00000000c2200000)
  object space 21504K, 39% used [0x00000000b7c00000,0x00000000b843f298,0x00000000b9100000)
}
Event: 163.832 GC heap before
{Heap before GC invocations=24 (full 1):
 PSYoungGen      total 263168K, used 254048K [0x00000000eb600000, 0x00000000fc300000, 0x0000000100000000)
  eden space 253952K, 100% used [0x00000000eb600000,0x00000000fae00000,0x00000000fae00000)
  from space 9216K, 1% used [0x00000000fba00000,0x00000000fba18000,0x00000000fc300000)
  to   space 10752K, 0% used [0x00000000fae00000,0x00000000fae00000,0x00000000fb880000)
 ParOldGen       total 66048K, used 38061K [0x00000000c2200000, 0x00000000c6280000, 0x00000000eb600000)
  object space 66048K, 57% used [0x00000000c2200000,0x00000000c472b490,0x00000000c6280000)
 PSPermGen       total 21504K, used 8476K [0x00000000b7c00000, 0x00000000b9100000, 0x00000000c2200000)
  object space 21504K, 39% used [0x00000000b7c00000,0x00000000b8447340,0x00000000b9100000)
Event: 163.917 GC heap after
Heap after GC invocations=24 (full 1):
 PSYoungGen      total 264704K, used 10752K [0x00000000eb600000, 0x00000000fe600000, 0x0000000100000000)
  eden space 253952K, 0% used [0x00000000eb600000,0x00000000eb600000,0x00000000fae00000)
  from space 10752K, 100% used [0x00000000fae00000,0x00000000fb880000,0x00000000fb880000)
  to   space 19968K, 0% used [0x00000000fd280000,0x00000000fd280000,0x00000000fe600000)
 ParOldGen       total 66048K, used 57053K [0x00000000c2200000, 0x00000000c6280000, 0x00000000eb600000)
  object space 66048K, 86% used [0x00000000c2200000,0x00000000c59b7490,0x00000000c6280000)
 PSPermGen       total 21504K, used 8476K [0x00000000b7c00000, 0x00000000b9100000, 0x00000000c2200000)
  object space 21504K, 39% used [0x00000000b7c00000,0x00000000b8447340,0x00000000b9100000)
}
Event: 163.917 GC heap before
{Heap before GC invocations=25 (full 2):
 PSYoungGen      total 264704K, used 10752K [0x00000000eb600000, 0x00000000fe600000, 0x0000000100000000)
  eden space 253952K, 0% used [0x00000000eb600000,0x00000000eb600000,0x00000000fae00000)
  from space 10752K, 100% used [0x00000000fae00000,0x00000000fb880000,0x00000000fb880000)
  to   space 19968K, 0% used [0x00000000fd280000,0x00000000fd280000,0x00000000fe600000)
 ParOldGen       total 66048K, used 57053K [0x00000000c2200000, 0x00000000c6280000, 0x00000000eb600000)
  object space 66048K, 86% used [0x00000000c2200000,0x00000000c59b7490,0x00000000c6280000)
 PSPermGen       total 21504K, used 8476K [0x00000000b7c00000, 0x00000000b9100000, 0x00000000c2200000)
  object space 21504K, 39% used [0x00000000b7c00000,0x00000000b8447340,0x00000000b9100000)
Event: 163.943 GC heap after
Heap after GC invocations=25 (full 2):
 PSYoungGen      total 264704K, used 0K [0x00000000eb600000, 0x00000000fe600000, 0x0000000100000000)
  eden space 253952K, 0% used [0x00000000eb600000,0x00000000eb600000,0x00000000fae00000)
  from space 10752K, 0% used [0x00000000fae00000,0x00000000fae00000,0x00000000fb880000)
  to   space 19968K, 0% used [0x00000000fd280000,0x00000000fd280000,0x00000000fe600000)
 ParOldGen       total 56320K, used 1830K [0x00000000c2200000, 0x00000000c5900000, 0x00000000eb600000)
  object space 56320K, 3% used [0x00000000c2200000,0x00000000c23c99d8,0x00000000c5900000)
 PSPermGen       total 21504K, used 8476K [0x00000000b7c00000, 0x00000000b9100000, 0x00000000c2200000)
  object space 21504K, 39% used [0x00000000b7c00000,0x00000000b8447110,0x00000000b9100000)
}

